<?xml version="1.0" encoding="UTF-8"?>
<!-- Generated by org.testng.reporters.JUnitReportReporter -->
<testsuite hostname="DESKTOP-86VDM0A" failures="0" tests="5" name="test.GetAndPost" time="9.053" errors="0" timestamp="2022-03-01T21:54:32 PST" skipped="0">
  <testcase classname="test.GetAndPost" name="TestGet" time="1.076"/>
  <system-out/>
  <testcase classname="test.GetAndPost" name="TestDelete" time="5.719"/>
  <system-out/>
  <testcase classname="test.GetAndPost" name="TestPost" time="0.654"/>
  <system-out/>
  <testcase classname="test.GetAndPost" name="TestPatch" time="0.898"/>
  <system-out/>
  <testcase classname="test.GetAndPost" name="TestPut" time="0.706"/>
  <system-out/>
</testsuite> <!-- test.GetAndPost -->
