<?xml version="1.0" encoding="UTF-8"?>
<!-- Generated by org.testng.reporters.JUnitReportReporter -->
<testsuite hostname="DESKTOP-86VDM0A" failures="0" tests="2" name="test.RESTAssured_sample_test" time="4.172" errors="0" timestamp="2022-02-23T14:44:11 PST" skipped="0">
  <testcase classname="test.RESTAssured_sample_test" name="test2" time="1.341"/>
  <system-out/>
  <testcase classname="test.RESTAssured_sample_test" name="test1" time="2.831"/>
  <system-out/>
</testsuite> <!-- test.RESTAssured_sample_test -->
