<?xml version="1.0" encoding="UTF-8"?>
<!-- Generated by org.testng.reporters.JUnitReportReporter -->
<testsuite hostname="DESKTOP-86VDM0A" failures="0" tests="1" name="test.JSONschemaValidator" time="3.827" errors="0" timestamp="2022-03-02T14:52:12 PST" skipped="0">
  <testcase classname="test.JSONschemaValidator" name="TestGet" time="3.827"/>
  <system-out/>
</testsuite> <!-- test.JSONschemaValidator -->
